<?xml version="1.0" encoding="UTF-8"?>
<testng-results ignored="0" total="1" passed="1" failed="0" skipped="0">
  <reporter-output>
  </reporter-output>
  <suite started-at="2023-04-25T21:56:43Z" name="Default suite" finished-at="2023-04-25T21:56:43Z" duration-ms="87">
    <groups>
    </groups>
    <test started-at="2023-04-25T21:56:43Z" name="Default test" finished-at="2023-04-25T21:56:43Z" duration-ms="87">
      <class name="test.Hometest">
        <test-method is-config="true" signature="SetUp()[pri:0, instance:test.Hometest@6892b3b6]" started-at="2023-04-25T17:56:40Z" name="SetUp" finished-at="2023-04-25T17:56:43Z" duration-ms="2456" status="PASS">
          <reporter-output>
          </reporter-output>
        </test-method> <!-- SetUp -->
        <test-method signature="hometestpp()[pri:0, instance:test.Hometest@6892b3b6]" started-at="2023-04-25T17:56:43Z" name="hometestpp" finished-at="2023-04-25T17:56:43Z" duration-ms="74" status="PASS">
          <reporter-output>
          </reporter-output>
        </test-method> <!-- hometestpp -->
      </class> <!-- test.Hometest -->
    </test> <!-- Default test -->
  </suite> <!-- Default suite -->
</testng-results>
